#
# There is insufficient memory for the Java Runtime Environment to continue.
# Native memory allocation (malloc) failed to allocate 784816 bytes for Chunk::new
# Possible reasons:
#   The system is out of physical RAM or swap space
#   The process is running with CompressedOops enabled, and the Java Heap may be blocking the growth of the native heap
# Possible solutions:
#   Reduce memory load on the system
#   Increase physical memory or swap space
#   Check if swap backing store is full
#   Decrease Java heap size (-Xmx/-Xms)
#   Decrease number of Java threads
#   Decrease Java thread stack sizes (-Xss)
#   Set larger code cache with -XX:ReservedCodeCacheSize=
#   JVM is running with Zero Based Compressed Oops mode in which the Java heap is
#     placed in the first 32GB address space. The Java Heap base address is the
#     maximum limit for the native heap growth. Please use -XX:HeapBaseMinAddress
#     to set the Java Heap base and to place the Java Heap above 32GB virtual address.
# This output file may be truncated or incomplete.
#
#  Out of Memory Error (./src/hotspot/share/memory/arena.cpp:197), pid=23448, tid=21604
#
# JRE version: OpenJDK Runtime Environment Temurin-11.0.14.1+1 (11.0.14.1+1) (build 11.0.14.1+1)
# Java VM: OpenJDK 64-Bit Server VM Temurin-11.0.14.1+1 (11.0.14.1+1, mixed mode, tiered, compressed oops, g1 gc, windows-amd64)
# No core dump will be written. Minidumps are not enabled by default on client versions of Windows
#

---------------  S U M M A R Y ------------

Command Line: org.gradle.launcher.GradleMain -Dorg.gradle.jvmargs=-Xmx4096m --stop

Host: Intel(R) Celeron(R) CPU 5205U @ 1.90GHz, 2 cores, 11G,  Windows 10 , 64 bit Build 19041 (10.0.19041.3636)
Time: Sat Feb  3 23:46:28 2024 Финляндия (зима) elapsed time: 2.873965 seconds (0d 0h 0m 2s)

---------------  T H R E A D  ---------------

Current thread (0x0000023d23b70800):  JavaThread "C2 CompilerThread0" daemon [_thread_in_native, id=21604, stack(0x000000d676000000,0x000000d676100000)]


Current CompileTask:
C2:   2874  869  s!   4       jdk.internal.loader.URLClassPath::getLoader (194 bytes)

Stack: [0x000000d676000000,0x000000d676100000]
Native frames: (J=compiled Java code, j=interpreted, Vv=VM code, C=native code)
V  [jvm.dll+0x61e59a]
V  [jvm.dll+0x7aaca9]
V  [jvm.dll+0x7ac398]
V  [jvm.dll+0x7aca73]
V  [jvm.dll+0x24f9b8]
V  [jvm.dll+0xc260c]
V  [jvm.dll+0xc2bcc]
V  [jvm.dll+0x359a07]
V  [jvm.dll+0x325b93]
V  [jvm.dll+0x324eca]
V  [jvm.dll+0x208c05]
V  [jvm.dll+0x207ded]
V  [jvm.dll+0x18a2c1]
V  [jvm.dll+0x217734]
V  [jvm.dll+0x21597b]
V  [jvm.dll+0x76d7c0]
V  [jvm.dll+0x766724]
V  [jvm.dll+0x61d3f6]
C  [ucrtbase.dll+0x21bb2]
C  [KERNEL32.DLL+0x17344]
C  [ntdll.dll+0x526b1]


---------------  P R O C E S S  ---------------

Threads class SMR info:
_java_thread_list=0x0000023d23cba2f0, length=10, elements={
0x0000023d00ac2000, 0x0000023d232f2800, 0x0000023d232e2000, 0x0000023d23b68800,
0x0000023d23b6a800, 0x0000023d23b6b800, 0x0000023d23b70800, 0x0000023d23bd7800,
0x0000023d23bdc800, 0x0000023d23cdc000
}

Java Threads: ( => current thread )
  0x0000023d00ac2000 JavaThread "main" [_thread_in_native, id=21620, stack(0x000000d675400000,0x000000d675500000)]
  0x0000023d232f2800 JavaThread "Reference Handler" daemon [_thread_blocked, id=17180, stack(0x000000d675b00000,0x000000d675c00000)]
  0x0000023d232e2000 JavaThread "Finalizer" daemon [_thread_blocked, id=14264, stack(0x000000d675c00000,0x000000d675d00000)]
  0x0000023d23b68800 JavaThread "Signal Dispatcher" daemon [_thread_blocked, id=11244, stack(0x000000d675d00000,0x000000d675e00000)]
  0x0000023d23b6a800 JavaThread "Attach Listener" daemon [_thread_blocked, id=1988, stack(0x000000d675e00000,0x000000d675f00000)]
  0x0000023d23b6b800 JavaThread "Service Thread" daemon [_thread_blocked, id=19704, stack(0x000000d675f00000,0x000000d676000000)]
=>0x0000023d23b70800 JavaThread "C2 CompilerThread0" daemon [_thread_in_native, id=21604, stack(0x000000d676000000,0x000000d676100000)]
  0x0000023d23bd7800 JavaThread "C1 CompilerThread0" daemon [_thread_blocked, id=13160, stack(0x000000d676100000,0x000000d676200000)]
  0x0000023d23bdc800 JavaThread "Sweeper thread" daemon [_thread_blocked, id=20524, stack(0x000000d676200000,0x000000d676300000)]
  0x0000023d23cdc000 JavaThread "Common-Cleaner" daemon [_thread_blocked, id=23232, stack(0x000000d676400000,0x000000d676500000)]

Other Threads:
  0x0000023d232bd800 VMThread "VM Thread" [stack: 0x000000d675a00000,0x000000d675b00000] [id=19296]
  0x0000023d23cce800 WatcherThread [stack: 0x000000d676300000,0x000000d676400000] [id=17460]
  0x0000023d00ada000 GCTaskThread "GC Thread#0" [stack: 0x000000d675500000,0x000000d675600000] [id=23440]
  0x0000023d24028800 GCTaskThread "GC Thread#1" [stack: 0x000000d676500000,0x000000d676600000] [id=9836]
  0x0000023d00b21000 ConcurrentGCThread "G1 Main Marker" [stack: 0x000000d675600000,0x000000d675700000] [id=5636]
  0x0000023d00b22800 ConcurrentGCThread "G1 Conc#0" [stack: 0x000000d675700000,0x000000d675800000] [id=15580]
  0x0000023d23148800 ConcurrentGCThread "G1 Refine#0" [stack: 0x000000d675800000,0x000000d675900000] [id=16244]
  0x0000023d23149000 ConcurrentGCThread "G1 Young RemSet Sampling" [stack: 0x000000d675900000,0x000000d675a00000] [id=15208]

Threads with active compile tasks:
C2 CompilerThread0   2911  869  s!   4       jdk.internal.loader.URLClassPath::getLoader (194 bytes)

VM state:not at safepoint (normal execution)

VM Mutex/Monitor currently owned by a thread: None

Heap address: 0x0000000742800000, size: 3032 MB, Compressed Oops mode: Zero based, Oop shift amount: 3
Narrow klass base: 0x0000000800000000, Narrow klass shift: 0
Compressed class space size: 1073741824 Address: 0x0000000800000000

Heap:
 garbage-first heap   total 194560K, used 18844K [0x0000000742800000, 0x0000000800000000)
  region size 1024K, 18 young (18432K), 2 survivors (2048K)
 Metaspace       used 10271K, capacity 10493K, committed 10624K, reserved 1058816K
  class space    used 1062K, capacity 1136K, committed 1152K, reserved 1048576K
Heap Regions: E=young(eden), S=young(survivor), O=old, HS=humongous(starts), HC=humongous(continues), CS=collection set, F=free, A=archive, TAMS=top-at-mark-start (previous, next)
|   0|0x0000000742800000, 0x0000000742900000, 0x0000000742900000|100%|HS|  |TAMS 0x0000000742800000, 0x0000000742800000| Complete 
|   1|0x0000000742900000, 0x0000000742a00000, 0x0000000742a00000|100%|HC|  |TAMS 0x0000000742900000, 0x0000000742900000| Complete 
|   2|0x0000000742a00000, 0x0000000742b00000, 0x0000000742b00000|100%|HC|  |TAMS 0x0000000742a00000, 0x0000000742a00000| Complete 
|   3|0x0000000742b00000, 0x0000000742b00000, 0x0000000742c00000|  0%| F|  |TAMS 0x0000000742b00000, 0x0000000742b00000| Untracked 
|   4|0x0000000742c00000, 0x0000000742c00000, 0x0000000742d00000|  0%| F|  |TAMS 0x0000000742c00000, 0x0000000742c00000| Untracked 
|   5|0x0000000742d00000, 0x0000000742d00000, 0x0000000742e00000|  0%| F|  |TAMS 0x0000000742d00000, 0x0000000742d00000| Untracked 
|   6|0x0000000742e00000, 0x0000000742e00000, 0x0000000742f00000|  0%| F|  |TAMS 0x0000000742e00000, 0x0000000742e00000| Untracked 
|   7|0x0000000742f00000, 0x0000000742f00000, 0x0000000743000000|  0%| F|  |TAMS 0x0000000742f00000, 0x0000000742f00000| Untracked 
|   8|0x0000000743000000, 0x0000000743000000, 0x0000000743100000|  0%| F|  |TAMS 0x0000000743000000, 0x0000000743000000| Untracked 
|   9|0x0000000743100000, 0x0000000743100000, 0x0000000743200000|  0%| F|  |TAMS 0x0000000743100000, 0x0000000743100000| Untracked 
|  10|0x0000000743200000, 0x0000000743200000, 0x0000000743300000|  0%| F|  |TAMS 0x0000000743200000, 0x0000000743200000| Untracked 
|  11|0x0000000743300000, 0x0000000743300000, 0x0000000743400000|  0%| F|  |TAMS 0x0000000743300000, 0x0000000743300000| Untracked 
|  12|0x0000000743400000, 0x0000000743400000, 0x0000000743500000|  0%| F|  |TAMS 0x0000000743400000, 0x0000000743400000| Untracked 
|  13|0x0000000743500000, 0x0000000743500000, 0x0000000743600000|  0%| F|  |TAMS 0x0000000743500000, 0x0000000743500000| Untracked 
|  14|0x0000000743600000, 0x0000000743600000, 0x0000000743700000|  0%| F|  |TAMS 0x0000000743600000, 0x0000000743600000| Untracked 
|  15|0x0000000743700000, 0x0000000743700000, 0x0000000743800000|  0%| F|  |TAMS 0x0000000743700000, 0x0000000743700000| Untracked 
|  16|0x0000000743800000, 0x0000000743800000, 0x0000000743900000|  0%| F|  |TAMS 0x0000000743800000, 0x0000000743800000| Untracked 
|  17|0x0000000743900000, 0x0000000743900000, 0x0000000743a00000|  0%| F|  |TAMS 0x0000000743900000, 0x0000000743900000| Untracked 
|  18|0x0000000743a00000, 0x0000000743a00000, 0x0000000743b00000|  0%| F|  |TAMS 0x0000000743a00000, 0x0000000743a00000| Untracked 
|  19|0x0000000743b00000, 0x0000000743b00000, 0x0000000743c00000|  0%| F|  |TAMS 0x0000000743b00000, 0x0000000743b00000| Untracked 
|  20|0x0000000743c00000, 0x0000000743c00000, 0x0000000743d00000|  0%| F|  |TAMS 0x0000000743c00000, 0x0000000743c00000| Untracked 
|  21|0x0000000743d00000, 0x0000000743d00000, 0x0000000743e00000|  0%| F|  |TAMS 0x0000000743d00000, 0x0000000743d00000| Untracked 
|  22|0x0000000743e00000, 0x0000000743e00000, 0x0000000743f00000|  0%| F|  |TAMS 0x0000000743e00000, 0x0000000743e00000| Untracked 
|  23|0x0000000743f00000, 0x0000000743f00000, 0x0000000744000000|  0%| F|  |TAMS 0x0000000743f00000, 0x0000000743f00000| Untracked 
|  24|0x0000000744000000, 0x0000000744000000, 0x0000000744100000|  0%| F|  |TAMS 0x0000000744000000, 0x0000000744000000| Untracked 
|  25|0x0000000744100000, 0x0000000744100000, 0x0000000744200000|  0%| F|  |TAMS 0x0000000744100000, 0x0000000744100000| Untracked 
|  26|0x0000000744200000, 0x0000000744200000, 0x0000000744300000|  0%| F|  |TAMS 0x0000000744200000, 0x0000000744200000| Untracked 
|  27|0x0000000744300000, 0x0000000744300000, 0x0000000744400000|  0%| F|  |TAMS 0x0000000744300000, 0x0000000744300000| Untracked 
|  28|0x0000000744400000, 0x0000000744400000, 0x0000000744500000|  0%| F|  |TAMS 0x0000000744400000, 0x0000000744400000| Untracked 
|  29|0x0000000744500000, 0x0000000744500000, 0x0000000744600000|  0%| F|  |TAMS 0x0000000744500000, 0x0000000744500000| Untracked 
|  30|0x0000000744600000, 0x0000000744600000, 0x0000000744700000|  0%| F|  |TAMS 0x0000000744600000, 0x0000000744600000| Untracked 
|  31|0x0000000744700000, 0x0000000744700000, 0x0000000744800000|  0%| F|  |TAMS 0x0000000744700000, 0x0000000744700000| Untracked 
|  32|0x0000000744800000, 0x0000000744800000, 0x0000000744900000|  0%| F|  |TAMS 0x0000000744800000, 0x0000000744800000| Untracked 
|  33|0x0000000744900000, 0x0000000744900000, 0x0000000744a00000|  0%| F|  |TAMS 0x0000000744900000, 0x0000000744900000| Untracked 
|  34|0x0000000744a00000, 0x0000000744a00000, 0x0000000744b00000|  0%| F|  |TAMS 0x0000000744a00000, 0x0000000744a00000| Untracked 
|  35|0x0000000744b00000, 0x0000000744b00000, 0x0000000744c00000|  0%| F|  |TAMS 0x0000000744b00000, 0x0000000744b00000| Untracked 
|  36|0x0000000744c00000, 0x0000000744c00000, 0x0000000744d00000|  0%| F|  |TAMS 0x0000000744c00000, 0x0000000744c00000| Untracked 
|  37|0x0000000744d00000, 0x0000000744d00000, 0x0000000744e00000|  0%| F|  |TAMS 0x0000000744d00000, 0x0000000744d00000| Untracked 
|  38|0x0000000744e00000, 0x0000000744e00000, 0x0000000744f00000|  0%| F|  |TAMS 0x0000000744e00000, 0x0000000744e00000| Untracked 
|  39|0x0000000744f00000, 0x0000000744f00000, 0x0000000745000000|  0%| F|  |TAMS 0x0000000744f00000, 0x0000000744f00000| Untracked 
|  40|0x0000000745000000, 0x0000000745000000, 0x0000000745100000|  0%| F|  |TAMS 0x0000000745000000, 0x0000000745000000| Untracked 
|  41|0x0000000745100000, 0x0000000745100000, 0x0000000745200000|  0%| F|  |TAMS 0x0000000745100000, 0x0000000745100000| Untracked 
|  42|0x0000000745200000, 0x0000000745200000, 0x0000000745300000|  0%| F|  |TAMS 0x0000000745200000, 0x0000000745200000| Untracked 
|  43|0x0000000745300000, 0x0000000745300000, 0x0000000745400000|  0%| F|  |TAMS 0x0000000745300000, 0x0000000745300000| Untracked 
|  44|0x0000000745400000, 0x0000000745400000, 0x0000000745500000|  0%| F|  |TAMS 0x0000000745400000, 0x0000000745400000| Untracked 
|  45|0x0000000745500000, 0x0000000745500000, 0x0000000745600000|  0%| F|  |TAMS 0x0000000745500000, 0x0000000745500000| Untracked 
|  46|0x0000000745600000, 0x0000000745600000, 0x0000000745700000|  0%| F|  |TAMS 0x0000000745600000, 0x0000000745600000| Untracked 
|  47|0x0000000745700000, 0x0000000745700000, 0x0000000745800000|  0%| F|  |TAMS 0x0000000745700000, 0x0000000745700000| Untracked 
|  48|0x0000000745800000, 0x0000000745800000, 0x0000000745900000|  0%| F|  |TAMS 0x0000000745800000, 0x0000000745800000| Untracked 
|  49|0x0000000745900000, 0x0000000745900000, 0x0000000745a00000|  0%| F|  |TAMS 0x0000000745900000, 0x0000000745900000| Untracked 
|  50|0x0000000745a00000, 0x0000000745a00000, 0x0000000745b00000|  0%| F|  |TAMS 0x0000000745a00000, 0x0000000745a00000| Untracked 
|  51|0x0000000745b00000, 0x0000000745b00000, 0x0000000745c00000|  0%| F|  |TAMS 0x0000000745b00000, 0x0000000745b00000| Untracked 
|  52|0x0000000745c00000, 0x0000000745c00000, 0x0000000745d00000|  0%| F|  |TAMS 0x0000000745c00000, 0x0000000745c00000| Untracked 
|  53|0x0000000745d00000, 0x0000000745d00000, 0x0000000745e00000|  0%| F|  |TAMS 0x0000000745d00000, 0x0000000745d00000| Untracked 
|  54|0x0000000745e00000, 0x0000000745e00000, 0x0000000745f00000|  0%| F|  |TAMS 0x0000000745e00000, 0x0000000745e00000| Untracked 
|  55|0x0000000745f00000, 0x0000000745f00000, 0x0000000746000000|  0%| F|  |TAMS 0x0000000745f00000, 0x0000000745f00000| Untracked 
|  56|0x0000000746000000, 0x0000000746000000, 0x0000000746100000|  0%| F|  |TAMS 0x0000000746000000, 0x0000000746000000| Untracked 
|  57|0x0000000746100000, 0x0000000746100000, 0x0000000746200000|  0%| F|  |TAMS 0x0000000746100000, 0x0000000746100000| Untracked 
|  58|0x0000000746200000, 0x0000000746200000, 0x0000000746300000|  0%| F|  |TAMS 0x0000000746200000, 0x0000000746200000| Untracked 
|  59|0x0000000746300000, 0x0000000746300000, 0x0000000746400000|  0%| F|  |TAMS 0x0000000746300000, 0x0000000746300000| Untracked 
|  60|0x0000000746400000, 0x0000000746400000, 0x0000000746500000|  0%| F|  |TAMS 0x0000000746400000, 0x0000000746400000| Untracked 
|  61|0x0000000746500000, 0x0000000746500000, 0x0000000746600000|  0%| F|  |TAMS 0x0000000746500000, 0x0000000746500000| Untracked 
|  62|0x0000000746600000, 0x0000000746600000, 0x0000000746700000|  0%| F|  |TAMS 0x0000000746600000, 0x0000000746600000| Untracked 
|  63|0x0000000746700000, 0x0000000746700000, 0x0000000746800000|  0%| F|  |TAMS 0x0000000746700000, 0x0000000746700000| Untracked 
|  64|0x0000000746800000, 0x0000000746800000, 0x0000000746900000|  0%| F|  |TAMS 0x0000000746800000, 0x0000000746800000| Untracked 
|  65|0x0000000746900000, 0x0000000746900000, 0x0000000746a00000|  0%| F|  |TAMS 0x0000000746900000, 0x0000000746900000| Untracked 
|  66|0x0000000746a00000, 0x0000000746a00000, 0x0000000746b00000|  0%| F|  |TAMS 0x0000000746a00000, 0x0000000746a00000| Untracked 
|  67|0x0000000746b00000, 0x0000000746b00000, 0x0000000746c00000|  0%| F|  |TAMS 0x0000000746b00000, 0x0000000746b00000| Untracked 
|  68|0x0000000746c00000, 0x0000000746c00000, 0x0000000746d00000|  0%| F|  |TAMS 0x0000000746c00000, 0x0000000746c00000| Untracked 
|  69|0x0000000746d00000, 0x0000000746d00000, 0x0000000746e00000|  0%| F|  |TAMS 0x0000000746d00000, 0x0000000746d00000| Untracked 
|  70|0x0000000746e00000, 0x0000000746e00000, 0x0000000746f00000|  0%| F|  |TAMS 0x0000000746e00000, 0x0000000746e00000| Untracked 
|  71|0x0000000746f00000, 0x0000000746f00000, 0x0000000747000000|  0%| F|  |TAMS 0x0000000746f00000, 0x0000000746f00000| Untracked 
|  72|0x0000000747000000, 0x0000000747000000, 0x0000000747100000|  0%| F|  |TAMS 0x0000000747000000, 0x0000000747000000| Untracked 
|  73|0x0000000747100000, 0x0000000747100000, 0x0000000747200000|  0%| F|  |TAMS 0x0000000747100000, 0x0000000747100000| Untracked 
|  74|0x0000000747200000, 0x0000000747200000, 0x0000000747300000|  0%| F|  |TAMS 0x0000000747200000, 0x0000000747200000| Untracked 
|  75|0x0000000747300000, 0x0000000747300000, 0x0000000747400000|  0%| F|  |TAMS 0x0000000747300000, 0x0000000747300000| Untracked 
|  76|0x0000000747400000, 0x0000000747400000, 0x0000000747500000|  0%| F|  |TAMS 0x0000000747400000, 0x0000000747400000| Untracked 
|  77|0x0000000747500000, 0x0000000747500000, 0x0000000747600000|  0%| F|  |TAMS 0x0000000747500000, 0x0000000747500000| Untracked 
|  78|0x0000000747600000, 0x0000000747600000, 0x0000000747700000|  0%| F|  |TAMS 0x0000000747600000, 0x0000000747600000| Untracked 
|  79|0x0000000747700000, 0x0000000747700000, 0x0000000747800000|  0%| F|  |TAMS 0x0000000747700000, 0x0000000747700000| Untracked 
|  80|0x0000000747800000, 0x0000000747800000, 0x0000000747900000|  0%| F|  |TAMS 0x0000000747800000, 0x0000000747800000| Untracked 
|  81|0x0000000747900000, 0x0000000747900000, 0x0000000747a00000|  0%| F|  |TAMS 0x0000000747900000, 0x0000000747900000| Untracked 
|  82|0x0000000747a00000, 0x0000000747a00000, 0x0000000747b00000|  0%| F|  |TAMS 0x0000000747a00000, 0x0000000747a00000| Untracked 
|  83|0x0000000747b00000, 0x0000000747b00000, 0x0000000747c00000|  0%| F|  |TAMS 0x0000000747b00000, 0x0000000747b00000| Untracked 
|  84|0x0000000747c00000, 0x0000000747c00000, 0x0000000747d00000|  0%| F|  |TAMS 0x0000000747c00000, 0x0000000747c00000| Untracked 
|  85|0x0000000747d00000, 0x0000000747d00000, 0x0000000747e00000|  0%| F|  |TAMS 0x0000000747d00000, 0x0000000747d00000| Untracked 
|  86|0x0000000747e00000, 0x0000000747e00000, 0x0000000747f00000|  0%| F|  |TAMS 0x0000000747e00000, 0x0000000747e00000| Untracked 
|  87|0x0000000747f00000, 0x0000000747f00000, 0x0000000748000000|  0%| F|  |TAMS 0x0000000747f00000, 0x0000000747f00000| Untracked 
|  88|0x0000000748000000, 0x0000000748000000, 0x0000000748100000|  0%| F|  |TAMS 0x0000000748000000, 0x0000000748000000| Untracked 
|  89|0x0000000748100000, 0x0000000748100000, 0x0000000748200000|  0%| F|  |TAMS 0x0000000748100000, 0x0000000748100000| Untracked 
|  90|0x0000000748200000, 0x0000000748200000, 0x0000000748300000|  0%| F|  |TAMS 0x0000000748200000, 0x0000000748200000| Untracked 
|  91|0x0000000748300000, 0x0000000748300000, 0x0000000748400000|  0%| F|  |TAMS 0x0000000748300000, 0x0000000748300000| Untracked 
|  92|0x0000000748400000, 0x0000000748400000, 0x0000000748500000|  0%| F|  |TAMS 0x0000000748400000, 0x0000000748400000| Untracked 
|  93|0x0000000748500000, 0x0000000748500000, 0x0000000748600000|  0%| F|  |TAMS 0x0000000748500000, 0x0000000748500000| Untracked 
|  94|0x0000000748600000, 0x0000000748600000, 0x0000000748700000|  0%| F|  |TAMS 0x0000000748600000, 0x0000000748600000| Untracked 
|  95|0x0000000748700000, 0x0000000748700000, 0x0000000748800000|  0%| F|  |TAMS 0x0000000748700000, 0x0000000748700000| Untracked 
|  96|0x0000000748800000, 0x0000000748800000, 0x0000000748900000|  0%| F|  |TAMS 0x0000000748800000, 0x0000000748800000| Untracked 
|  97|0x0000000748900000, 0x0000000748900000, 0x0000000748a00000|  0%| F|  |TAMS 0x0000000748900000, 0x0000000748900000| Untracked 
|  98|0x0000000748a00000, 0x0000000748a00000, 0x0000000748b00000|  0%| F|  |TAMS 0x0000000748a00000, 0x0000000748a00000| Untracked 
|  99|0x0000000748b00000, 0x0000000748b00000, 0x0000000748c00000|  0%| F|  |TAMS 0x0000000748b00000, 0x0000000748b00000| Untracked 
| 100|0x0000000748c00000, 0x0000000748c00000, 0x0000000748d00000|  0%| F|  |TAMS 0x0000000748c00000, 0x0000000748c00000| Untracked 
| 101|0x0000000748d00000, 0x0000000748d00000, 0x0000000748e00000|  0%| F|  |TAMS 0x0000000748d00000, 0x0000000748d00000| Untracked 
| 102|0x0000000748e00000, 0x0000000748e00000, 0x0000000748f00000|  0%| F|  |TAMS 0x0000000748e00000, 0x0000000748e00000| Untracked 
| 103|0x0000000748f00000, 0x0000000748f00000, 0x0000000749000000|  0%| F|  |TAMS 0x0000000748f00000, 0x0000000748f00000| Untracked 
| 104|0x0000000749000000, 0x0000000749000000, 0x0000000749100000|  0%| F|  |TAMS 0x0000000749000000, 0x0000000749000000| Untracked 
| 105|0x0000000749100000, 0x0000000749100000, 0x0000000749200000|  0%| F|  |TAMS 0x0000000749100000, 0x0000000749100000| Untracked 
| 106|0x0000000749200000, 0x0000000749200000, 0x0000000749300000|  0%| F|  |TAMS 0x0000000749200000, 0x0000000749200000| Untracked 
| 107|0x0000000749300000, 0x0000000749300000, 0x0000000749400000|  0%| F|  |TAMS 0x0000000749300000, 0x0000000749300000| Untracked 
| 108|0x0000000749400000, 0x0000000749400000, 0x0000000749500000|  0%| F|  |TAMS 0x0000000749400000, 0x0000000749400000| Untracked 
| 109|0x0000000749500000, 0x0000000749500000, 0x0000000749600000|  0%| F|  |TAMS 0x0000000749500000, 0x0000000749500000| Untracked 
| 110|0x0000000749600000, 0x0000000749600000, 0x0000000749700000|  0%| F|  |TAMS 0x0000000749600000, 0x0000000749600000| Untracked 
| 111|0x0000000749700000, 0x0000000749700000, 0x0000000749800000|  0%| F|  |TAMS 0x0000000749700000, 0x0000000749700000| Untracked 
| 112|0x0000000749800000, 0x0000000749800000, 0x0000000749900000|  0%| F|  |TAMS 0x0000000749800000, 0x0000000749800000| Untracked 
| 113|0x0000000749900000, 0x0000000749900000, 0x0000000749a00000|  0%| F|  |TAMS 0x0000000749900000, 0x0000000749900000| Untracked 
| 114|0x0000000749a00000, 0x0000000749a00000, 0x0000000749b00000|  0%| F|  |TAMS 0x0000000749a00000, 0x0000000749a00000| Untracked 
| 115|0x0000000749b00000, 0x0000000749b00000, 0x0000000749c00000|  0%| F|  |TAMS 0x0000000749b00000, 0x0000000749b00000| Untracked 
| 116|0x0000000749c00000, 0x0000000749c00000, 0x0000000749d00000|  0%| F|  |TAMS 0x0000000749c00000, 0x0000000749c00000| Untracked 
| 117|0x0000000749d00000, 0x0000000749d00000, 0x0000000749e00000|  0%| F|  |TAMS 0x0000000749d00000, 0x0000000749d00000| Untracked 
| 118|0x0000000749e00000, 0x0000000749e00000, 0x0000000749f00000|  0%| F|  |TAMS 0x0000000749e00000, 0x0000000749e00000| Untracked 
| 119|0x0000000749f00000, 0x0000000749f00000, 0x000000074a000000|  0%| F|  |TAMS 0x0000000749f00000, 0x0000000749f00000| Untracked 
| 120|0x000000074a000000, 0x000000074a000000, 0x000000074a100000|  0%| F|  |TAMS 0x000000074a000000, 0x000000074a000000| Untracked 
| 121|0x000000074a100000, 0x000000074a100000, 0x000000074a200000|  0%| F|  |TAMS 0x000000074a100000, 0x000000074a100000| Untracked 
| 122|0x000000074a200000, 0x000000074a200000, 0x000000074a300000|  0%| F|  |TAMS 0x000000074a200000, 0x000000074a200000| Untracked 
| 123|0x000000074a300000, 0x000000074a300000, 0x000000074a400000|  0%| F|  |TAMS 0x000000074a300000, 0x000000074a300000| Untracked 
| 124|0x000000074a400000, 0x000000074a400000, 0x000000074a500000|  0%| F|  |TAMS 0x000000074a400000, 0x000000074a400000| Untracked 
| 125|0x000000074a500000, 0x000000074a500000, 0x000000074a600000|  0%| F|  |TAMS 0x000000074a500000, 0x000000074a500000| Untracked 
| 126|0x000000074a600000, 0x000000074a600000, 0x000000074a700000|  0%| F|  |TAMS 0x000000074a600000, 0x000000074a600000| Untracked 
| 127|0x000000074a700000, 0x000000074a700000, 0x000000074a800000|  0%| F|  |TAMS 0x000000074a700000, 0x000000074a700000| Untracked 
| 128|0x000000074a800000, 0x000000074a800000, 0x000000074a900000|  0%| F|  |TAMS 0x000000074a800000, 0x000000074a800000| Untracked 
| 129|0x000000074a900000, 0x000000074a900000, 0x000000074aa00000|  0%| F|  |TAMS 0x000000074a900000, 0x000000074a900000| Untracked 
| 130|0x000000074aa00000, 0x000000074aa00000, 0x000000074ab00000|  0%| F|  |TAMS 0x000000074aa00000, 0x000000074aa00000| Untracked 
| 131|0x000000074ab00000, 0x000000074ab00000, 0x000000074ac00000|  0%| F|  |TAMS 0x000000074ab00000, 0x000000074ab00000| Untracked 
| 132|0x000000074ac00000, 0x000000074ac00000, 0x000000074ad00000|  0%| F|  |TAMS 0x000000074ac00000, 0x000000074ac00000| Untracked 
| 133|0x000000074ad00000, 0x000000074ad00000, 0x000000074ae00000|  0%| F|  |TAMS 0x000000074ad00000, 0x000000074ad00000| Untracked 
| 134|0x000000074ae00000, 0x000000074ae00000, 0x000000074af00000|  0%| F|  |TAMS 0x000000074ae00000, 0x000000074ae00000| Untracked 
| 135|0x000000074af00000, 0x000000074af00000, 0x000000074b000000|  0%| F|  |TAMS 0x000000074af00000, 0x000000074af00000| Untracked 
| 136|0x000000074b000000, 0x000000074b000000, 0x000000074b100000|  0%| F|  |TAMS 0x000000074b000000, 0x000000074b000000| Untracked 
| 137|0x000000074b100000, 0x000000074b100000, 0x000000074b200000|  0%| F|  |TAMS 0x000000074b100000, 0x000000074b100000| Untracked 
| 138|0x000000074b200000, 0x000000074b200000, 0x000000074b300000|  0%| F|  |TAMS 0x000000074b200000, 0x000000074b200000| Untracked 
| 139|0x000000074b300000, 0x000000074b300000, 0x000000074b400000|  0%| F|  |TAMS 0x000000074b300000, 0x000000074b300000| Untracked 
| 140|0x000000074b400000, 0x000000074b400000, 0x000000074b500000|  0%| F|  |TAMS 0x000000074b400000, 0x000000074b400000| Untracked 
| 141|0x000000074b500000, 0x000000074b500000, 0x000000074b600000|  0%| F|  |TAMS 0x000000074b500000, 0x000000074b500000| Untracked 
| 142|0x000000074b600000, 0x000000074b600000, 0x000000074b700000|  0%| F|  |TAMS 0x000000074b600000, 0x000000074b600000| Untracked 
| 143|0x000000074b700000, 0x000000074b700000, 0x000000074b800000|  0%| F|  |TAMS 0x000000074b700000, 0x000000074b700000| Untracked 
| 144|0x000000074b800000, 0x000000074b800000, 0x000000074b900000|  0%| F|  |TAMS 0x000000074b800000, 0x000000074b800000| Untracked 
| 145|0x000000074b900000, 0x000000074b900000, 0x000000074ba00000|  0%| F|  |TAMS 0x000000074b900000, 0x000000074b900000| Untracked 
| 146|0x000000074ba00000, 0x000000074ba00000, 0x000000074bb00000|  0%| F|  |TAMS 0x000000074ba00000, 0x000000074ba00000| Untracked 
| 147|0x000000074bb00000, 0x000000074bb00000, 0x000000074bc00000|  0%| F|  |TAMS 0x000000074bb00000, 0x000000074bb00000| Untracked 
| 148|0x000000074bc00000, 0x000000074bc00000, 0x000000074bd00000|  0%| F|  |TAMS 0x000000074bc00000, 0x000000074bc00000| Untracked 
| 149|0x000000074bd00000, 0x000000074bd00000, 0x000000074be00000|  0%| F|  |TAMS 0x000000074bd00000, 0x000000074bd00000| Untracked 
| 150|0x000000074be00000, 0x000000074be00000, 0x000000074bf00000|  0%| F|  |TAMS 0x000000074be00000, 0x000000074be00000| Untracked 
| 151|0x000000074bf00000, 0x000000074bf00000, 0x000000074c000000|  0%| F|  |TAMS 0x000000074bf00000, 0x000000074bf00000| Untracked 
| 152|0x000000074c000000, 0x000000074c000000, 0x000000074c100000|  0%| F|  |TAMS 0x000000074c000000, 0x000000074c000000| Untracked 
| 153|0x000000074c100000, 0x000000074c100000, 0x000000074c200000|  0%| F|  |TAMS 0x000000074c100000, 0x000000074c100000| Untracked 
| 154|0x000000074c200000, 0x000000074c200000, 0x000000074c300000|  0%| F|  |TAMS 0x000000074c200000, 0x000000074c200000| Untracked 
| 155|0x000000074c300000, 0x000000074c300000, 0x000000074c400000|  0%| F|  |TAMS 0x000000074c300000, 0x000000074c300000| Untracked 
| 156|0x000000074c400000, 0x000000074c400000, 0x000000074c500000|  0%| F|  |TAMS 0x000000074c400000, 0x000000074c400000| Untracked 
| 157|0x000000074c500000, 0x000000074c500000, 0x000000074c600000|  0%| F|  |TAMS 0x000000074c500000, 0x000000074c500000| Untracked 
| 158|0x000000074c600000, 0x000000074c600000, 0x000000074c700000|  0%| F|  |TAMS 0x000000074c600000, 0x000000074c600000| Untracked 
| 159|0x000000074c700000, 0x000000074c700000, 0x000000074c800000|  0%| F|  |TAMS 0x000000074c700000, 0x000000074c700000| Untracked 
| 160|0x000000074c800000, 0x000000074c800000, 0x000000074c900000|  0%| F|  |TAMS 0x000000074c800000, 0x000000074c800000| Untracked 
| 161|0x000000074c900000, 0x000000074c900000, 0x000000074ca00000|  0%| F|  |TAMS 0x000000074c900000, 0x000000074c900000| Untracked 
| 162|0x000000074ca00000, 0x000000074ca00000, 0x000000074cb00000|  0%| F|  |TAMS 0x000000074ca00000, 0x000000074ca00000| Untracked 
| 163|0x000000074cb00000, 0x000000074cb00000, 0x000000074cc00000|  0%| F|  |TAMS 0x000000074cb00000, 0x000000074cb00000| Untracked 
| 164|0x000000074cc00000, 0x000000074cc00000, 0x000000074cd00000|  0%| F|  |TAMS 0x000000074cc00000, 0x000000074cc00000| Untracked 
| 165|0x000000074cd00000, 0x000000074cd00000, 0x000000074ce00000|  0%| F|  |TAMS 0x000000074cd00000, 0x000000074cd00000| Untracked 
| 166|0x000000074ce00000, 0x000000074ce00000, 0x000000074cf00000|  0%| F|  |TAMS 0x000000074ce00000, 0x000000074ce00000| Untracked 
| 167|0x000000074cf00000, 0x000000074cf00000, 0x000000074d000000|  0%| F|  |TAMS 0x000000074cf00000, 0x000000074cf00000| Untracked 
| 168|0x000000074d000000, 0x000000074d000000, 0x000000074d100000|  0%| F|  |TAMS 0x000000074d000000, 0x000000074d000000| Untracked 
| 169|0x000000074d100000, 0x000000074d100000, 0x000000074d200000|  0%| F|  |TAMS 0x000000074d100000, 0x000000074d100000| Untracked 
| 170|0x000000074d200000, 0x000000074d200000, 0x000000074d300000|  0%| F|  |TAMS 0x000000074d200000, 0x000000074d200000| Untracked 
| 171|0x000000074d300000, 0x000000074d300000, 0x000000074d400000|  0%| F|  |TAMS 0x000000074d300000, 0x000000074d300000| Untracked 
| 172|0x000000074d400000, 0x000000074d500000, 0x000000074d500000|100%| E|  |TAMS 0x000000074d400000, 0x000000074d400000| Complete 
| 173|0x000000074d500000, 0x000000074d600000, 0x000000074d600000|100%| E|CS|TAMS 0x000000074d500000, 0x000000074d500000| Complete 
| 174|0x000000074d600000, 0x000000074d700000, 0x000000074d700000|100%| E|CS|TAMS 0x000000074d600000, 0x000000074d600000| Complete 
| 175|0x000000074d700000, 0x000000074d800000, 0x000000074d800000|100%| E|CS|TAMS 0x000000074d700000, 0x000000074d700000| Complete 
| 176|0x000000074d800000, 0x000000074d900000, 0x000000074d900000|100%| E|CS|TAMS 0x000000074d800000, 0x000000074d800000| Complete 
| 177|0x000000074d900000, 0x000000074da00000, 0x000000074da00000|100%| E|CS|TAMS 0x000000074d900000, 0x000000074d900000| Complete 
| 178|0x000000074da00000, 0x000000074db00000, 0x000000074db00000|100%| E|CS|TAMS 0x000000074da00000, 0x000000074da00000| Complete 
| 179|0x000000074db00000, 0x000000074db67098, 0x000000074dc00000| 40%| S|CS|TAMS 0x000000074db00000, 0x000000074db00000| Complete 
| 180|0x000000074dc00000, 0x000000074dd00000, 0x000000074dd00000|100%| S|CS|TAMS 0x000000074dc00000, 0x000000074dc00000| Complete 
| 181|0x000000074dd00000, 0x000000074de00000, 0x000000074de00000|100%| E|CS|TAMS 0x000000074dd00000, 0x000000074dd00000| Complete 
| 182|0x000000074de00000, 0x000000074df00000, 0x000000074df00000|100%| E|CS|TAMS 0x000000074de00000, 0x000000074de00000| Complete 
| 183|0x000000074df00000, 0x000000074e000000, 0x000000074e000000|100%| E|CS|TAMS 0x000000074df00000, 0x000000074df00000| Complete 
| 184|0x000000074e000000, 0x000000074e100000, 0x000000074e100000|100%| E|CS|TAMS 0x000000074e000000, 0x000000074e000000| Complete 
| 185|0x000000074e100000, 0x000000074e200000, 0x000000074e200000|100%| E|CS|TAMS 0x000000074e100000, 0x000000074e100000| Complete 
| 186|0x000000074e200000, 0x000000074e300000, 0x000000074e300000|100%| E|CS|TAMS 0x000000074e200000, 0x000000074e200000| Complete 
| 187|0x000000074e300000, 0x000000074e400000, 0x000000074e400000|100%| E|CS|TAMS 0x000000074e300000, 0x000000074e300000| Complete 
| 188|0x000000074e400000, 0x000000074e500000, 0x000000074e500000|100%| E|  |TAMS 0x000000074e400000, 0x000000074e400000| Complete 
| 189|0x000000074e500000, 0x000000074e600000, 0x000000074e600000|100%| E|CS|TAMS 0x000000074e500000, 0x000000074e500000| Complete 

Card table byte_map: [0x0000023d1a3d0000,0x0000023d1a9c0000] _byte_map_base: 0x0000023d169bc000

Marking Bits (Prev, Next): (CMBitMap*) 0x0000023d00b148d8, (CMBitMap*) 0x0000023d00b14910
 Prev Bits: [0x0000023d1afb0000, 0x0000023d1df10000)
 Next Bits: [0x0000023d1df10000, 0x0000023d20e70000)

Polling page: 0x0000023d00ba0000

Metaspace:

Usage:
  Non-class:      9.20 MB capacity,     9.01 MB ( 98%) used,   187.68 KB (  2%) free+waste,    11.31 KB ( <1%) overhead. 
      Class:      1.11 MB capacity,     1.04 MB ( 94%) used,    65.16 KB (  6%) free+waste,     5.56 KB ( <1%) overhead. 
       Both:     10.31 MB capacity,    10.05 MB ( 97%) used,   252.84 KB (  2%) free+waste,    16.88 KB ( <1%) overhead. 

Virtual space:
  Non-class space:       10.00 MB reserved,       9.25 MB ( 93%) committed 
      Class space:        1.00 GB reserved,       1.13 MB ( <1%) committed 
             Both:        1.01 GB reserved,      10.38 MB (  1%) committed 

Chunk freelists:
   Non-Class:  51.00 KB
       Class:  16.00 KB
        Both:  67.00 KB

MaxMetaspaceSize: 17179869184.00 GB
CompressedClassSpaceSize: 1.00 GB
Initial GC threshold: 20.80 MB
Current GC threshold: 20.80 MB
CDS: off

CodeHeap 'non-profiled nmethods': size=120064Kb used=336Kb max_used=336Kb free=119727Kb
 bounds [0x0000023d124a0000, 0x0000023d12710000, 0x0000023d199e0000]
CodeHeap 'profiled nmethods': size=120000Kb used=1753Kb max_used=1753Kb free=118247Kb
 bounds [0x0000023d0af70000, 0x0000023d0b1e0000, 0x0000023d124a0000]
CodeHeap 'non-nmethods': size=5696Kb used=1111Kb max_used=1128Kb free=4584Kb
 bounds [0x0000023d0a9e0000, 0x0000023d0ac50000, 0x0000023d0af70000]
 total_blobs=1268 nmethods=907 adapters=275
 compilation: enabled
              stopped_count=0, restarted_count=0
 full_count=0

Compilation events (20 events):
Event: 2.841 Thread 0x0000023d23bd7800  902       3       java.lang.invoke.MemberName::isResolved (13 bytes)
Event: 2.841 Thread 0x0000023d23bd7800 nmethod 902 0x0000023d0b11a510 code [0x0000023d0b11a6c0, 0x0000023d0b11a818]
Event: 2.842 Thread 0x0000023d23bd7800  903       3       jdk.internal.org.objectweb.asm.Frame::type (416 bytes)
Event: 2.845 Thread 0x0000023d23bd7800 nmethod 903 0x0000023d0b11a890 code [0x0000023d0b11aca0, 0x0000023d0b11ccd8]
Event: 2.846 Thread 0x0000023d23bd7800  904       3       jdk.internal.org.objectweb.asm.ClassWriter::newStringishItem (68 bytes)
Event: 2.847 Thread 0x0000023d23bd7800 nmethod 904 0x0000023d0b11d810 code [0x0000023d0b11da20, 0x0000023d0b11dd98]
Event: 2.847 Thread 0x0000023d23bd7800  905       3       jdk.internal.org.objectweb.asm.ByteVector::<init> (13 bytes)
Event: 2.847 Thread 0x0000023d23bd7800 nmethod 905 0x0000023d0b11df90 code [0x0000023d0b11e140, 0x0000023d0b11e3b8]
Event: 2.848 Thread 0x0000023d23bd7800  906       3       sun.invoke.util.VerifyType::isNullConversion (157 bytes)
Event: 2.850 Thread 0x0000023d23bd7800 nmethod 906 0x0000023d0b11e490 code [0x0000023d0b11e7a0, 0x0000023d0b11fc88]
Event: 2.850 Thread 0x0000023d23bd7800  907       3       jdk.internal.org.objectweb.asm.ByteVector::putByteArray (49 bytes)
Event: 2.850 Thread 0x0000023d23bd7800 nmethod 907 0x0000023d0b120110 code [0x0000023d0b1202e0, 0x0000023d0b1205b8]
Event: 2.851 Thread 0x0000023d23bd7800  908       3       java.lang.invoke.LambdaForm$BasicType::basicType (172 bytes)
Event: 2.852 Thread 0x0000023d23bd7800 nmethod 908 0x0000023d0b120710 code [0x0000023d0b1209a0, 0x0000023d0b121628]
Event: 2.855 Thread 0x0000023d23bd7800  909       3       java.lang.reflect.Modifier::isPublic (12 bytes)
Event: 2.855 Thread 0x0000023d23bd7800 nmethod 909 0x0000023d0b121990 code [0x0000023d0b121b40, 0x0000023d0b121c78]
Event: 2.861 Thread 0x0000023d23bd7800  910   !   3       java.net.URLClassLoader::defineClass (224 bytes)
Event: 2.865 Thread 0x0000023d23bd7800 nmethod 910 0x0000023d0b121d10 code [0x0000023d0b122220, 0x0000023d0b1250b8]
Event: 2.870 Thread 0x0000023d23bd7800  911       3       java.util.zip.ZipFile$InflaterCleanupAction::run (12 bytes)
Event: 2.870 Thread 0x0000023d23bd7800 nmethod 911 0x0000023d0b125f90 code [0x0000023d0b126140, 0x0000023d0b126308]

GC Heap History (2 events):
Event: 0.912 GC heap before
{Heap before GC invocations=0 (full 0):
 garbage-first heap   total 194560K, used 9216K [0x0000000742800000, 0x0000000800000000)
  region size 1024K, 9 young (9216K), 0 survivors (0K)
 Metaspace       used 6210K, capacity 6328K, committed 6528K, reserved 1056768K
  class space    used 529K, capacity 575K, committed 640K, reserved 1048576K
}
Event: 0.923 GC heap after
{Heap after GC invocations=1 (full 0):
 garbage-first heap   total 194560K, used 1436K [0x0000000742800000, 0x0000000800000000)
  region size 1024K, 2 young (2048K), 2 survivors (2048K)
 Metaspace       used 6210K, capacity 6328K, committed 6528K, reserved 1056768K
  class space    used 529K, capacity 575K, committed 640K, reserved 1048576K
}

Deoptimization events (20 events):
Event: 2.167 Thread 0x0000023d00ac2000 Uncommon trap: trap_request=0xffffffde fr.pc=0x0000023d124bdae4 relative=0x0000000000000544
Event: 2.167 Thread 0x0000023d00ac2000 Uncommon trap: reason=class_check action=maybe_recompile pc=0x0000023d124bdae4 method=java.util.regex.Matcher.match(II)Z @ 121 c2
Event: 2.167 Thread 0x0000023d00ac2000 DEOPT PACKING pc=0x0000023d124bdae4 sp=0x000000d6754fde50
Event: 2.167 Thread 0x0000023d00ac2000 DEOPT UNPACKING pc=0x0000023d0aa2a1a9 sp=0x000000d6754fdde8 mode 2
Event: 2.168 Thread 0x0000023d00ac2000 Uncommon trap: trap_request=0xffffffde fr.pc=0x0000023d124bdae4 relative=0x0000000000000544
Event: 2.168 Thread 0x0000023d00ac2000 Uncommon trap: reason=class_check action=maybe_recompile pc=0x0000023d124bdae4 method=java.util.regex.Matcher.match(II)Z @ 121 c2
Event: 2.168 Thread 0x0000023d00ac2000 DEOPT PACKING pc=0x0000023d124bdae4 sp=0x000000d6754fdcd0
Event: 2.168 Thread 0x0000023d00ac2000 DEOPT UNPACKING pc=0x0000023d0aa2a1a9 sp=0x000000d6754fdc68 mode 2
Event: 2.169 Thread 0x0000023d00ac2000 Uncommon trap: trap_request=0xffffffde fr.pc=0x0000023d124bdae4 relative=0x0000000000000544
Event: 2.169 Thread 0x0000023d00ac2000 Uncommon trap: reason=class_check action=maybe_recompile pc=0x0000023d124bdae4 method=java.util.regex.Matcher.match(II)Z @ 121 c2
Event: 2.169 Thread 0x0000023d00ac2000 DEOPT PACKING pc=0x0000023d124bdae4 sp=0x000000d6754fdcd0
Event: 2.169 Thread 0x0000023d00ac2000 DEOPT UNPACKING pc=0x0000023d0aa2a1a9 sp=0x000000d6754fdc68 mode 2
Event: 2.186 Thread 0x0000023d00ac2000 Uncommon trap: trap_request=0xffffff4d fr.pc=0x0000023d124e28ec relative=0x000000000000022c
Event: 2.186 Thread 0x0000023d00ac2000 Uncommon trap: reason=unstable_if action=reinterpret pc=0x0000023d124e28ec method=java.util.HashMap.hash(Ljava/lang/Object;)I @ 1 c2
Event: 2.186 Thread 0x0000023d00ac2000 DEOPT PACKING pc=0x0000023d124e28ec sp=0x000000d6754fdda0
Event: 2.186 Thread 0x0000023d00ac2000 DEOPT UNPACKING pc=0x0000023d0aa2a1a9 sp=0x000000d6754fdcd8 mode 2
Event: 2.641 Thread 0x0000023d00ac2000 Uncommon trap: trap_request=0xffffff4d fr.pc=0x0000023d124a7894 relative=0x0000000000000074
Event: 2.641 Thread 0x0000023d00ac2000 Uncommon trap: reason=unstable_if action=reinterpret pc=0x0000023d124a7894 method=java.lang.String.isLatin1()Z @ 10 c2
Event: 2.641 Thread 0x0000023d00ac2000 DEOPT PACKING pc=0x0000023d124a7894 sp=0x000000d6754fd4e0
Event: 2.641 Thread 0x0000023d00ac2000 DEOPT UNPACKING pc=0x0000023d0aa2a1a9 sp=0x000000d6754fd420 mode 2

Classes redefined (0 events):
No events

Internal exceptions (8 events):
Event: 0.345 Thread 0x0000023d00ac2000 Exception <a 'java/lang/NoSuchMethodError'{0x000000074e4e6410}: 'int java.lang.invoke.DirectMethodHandle$Holder.invokeStaticInit(java.lang.Object, java.lang.Object)'> (0x000000074e4e6410) thrown at [./src/hotspot/share/interpreter/linkResolver.cpp, line 773]
Event: 0.513 Thread 0x0000023d00ac2000 Exception <a 'java/lang/NoSuchMethodError'{0x000000074e3cda70}: 'int java.lang.invoke.DirectMethodHandle$Holder.invokeSpecial(java.lang.Object, java.lang.Object, java.lang.Object, java.lang.Object)'> (0x000000074e3cda70) thrown at [./src/hotspot/share/interpreter/linkResolver.cpp, line 773]
Event: 0.533 Thread 0x0000023d00ac2000 Exception <a 'java/lang/NoSuchMethodError'{0x000000074e207408}: 'int java.lang.invoke.DirectMethodHandle$Holder.invokeSpecialIFC(java.lang.Object, java.lang.Object, int)'> (0x000000074e207408) thrown at [./src/hotspot/share/interpreter/linkResolver.cpp, line 773]
Event: 2.186 Thread 0x0000023d00ac2000 Implicit null exception at 0x0000023d124e26f5 to 0x0000023d124e28dc
Event: 2.672 Thread 0x0000023d00ac2000 Exception <a 'java/lang/NoClassDefFoundError'{0x000000074d6c60e8}: org/slf4j/impl/StaticMarkerBinder> (0x000000074d6c60e8) thrown at [./src/hotspot/share/classfile/systemDictionary.cpp, line 219]
Event: 2.812 Thread 0x0000023d00ac2000 Exception <a 'java/lang/NoSuchMethodError'{0x000000074d5c6390}: 'java.lang.Object java.lang.invoke.DirectMethodHandle$Holder.invokeVirtual(java.lang.Object, java.lang.Object, java.lang.Object, java.lang.Object, java.lang.Object, java.lang.Object, java.lang.Object)'> (0x000000074d5c6390) thrown at [./src/hotspot/share/interpreter/linkResolver.cpp, line 773]
Event: 2.823 Thread 0x0000023d00ac2000 Exception <a 'java/lang/NoSuchMethodError'{0x000000074d5d9ba0}: 'java.lang.Object java.lang.invoke.Invokers$Holder.invoker(java.lang.Object, java.lang.Object, java.lang.Object)'> (0x000000074d5d9ba0) thrown at [./src/hotspot/share/interpreter/linkResolver.cpp, line 773]
Event: 2.835 Thread 0x0000023d00ac2000 Exception <a 'java/lang/NoSuchMethodError'{0x000000074d5ea798}: 'void java.lang.invoke.DelegatingMethodHandle$Holder.delegate(java.lang.Object, java.lang.Object, int, java.lang.Object)'> (0x000000074d5ea798) thrown at [./src/hotspot/share/interpreter/linkResolver.cpp, line 773]

Events (20 events):
Event: 2.867 loading class net/rubygrapefruit/platform/internal/Platform$Linux
Event: 2.867 loading class net/rubygrapefruit/platform/internal/Platform$Linux done
Event: 2.867 loading class net/rubygrapefruit/platform/internal/Platform$Unix
Event: 2.867 loading class net/rubygrapefruit/platform/internal/Platform$Unix done
Event: 2.867 loading class net/rubygrapefruit/platform/internal/Platform$Posix
Event: 2.867 loading class net/rubygrapefruit/platform/internal/Platform$Posix done
Event: 2.868 loading class net/rubygrapefruit/platform/internal/Platform$Linux32Bit
Event: 2.868 loading class net/rubygrapefruit/platform/internal/Platform$Linux32Bit done
Event: 2.868 loading class net/rubygrapefruit/platform/internal/Platform$LinuxAarch64
Event: 2.868 loading class net/rubygrapefruit/platform/internal/Platform$LinuxAarch64 done
Event: 2.869 loading class net/rubygrapefruit/platform/internal/Platform$MacOs32Bit
Event: 2.869 loading class net/rubygrapefruit/platform/internal/Platform$MacOs32Bit done
Event: 2.869 loading class net/rubygrapefruit/platform/internal/Platform$MacOs
Event: 2.869 loading class net/rubygrapefruit/platform/internal/Platform$MacOs done
Event: 2.870 loading class net/rubygrapefruit/platform/internal/Platform$MacOs64Bit
Event: 2.870 loading class net/rubygrapefruit/platform/internal/Platform$MacOs64Bit done
Event: 2.871 loading class net/rubygrapefruit/platform/internal/Platform$MacOsAarch64
Event: 2.871 loading class net/rubygrapefruit/platform/internal/Platform$MacOsAarch64 done
Event: 2.872 loading class net/rubygrapefruit/platform/internal/Platform$FreeBSD64Bit
Event: 2.872 loading class net/rubygrapefruit/platform/internal/Platform$FreeBSD64Bit done


Dynamic libraries:
0x00007ff610d20000 - 0x00007ff610d2d000 	C:\Program Files\Unity\Hub\Editor\2023.1.15f1\Editor\Data\PlaybackEngines\AndroidPlayer\OpenJDK\bin\java.exe
0x00007ffae3810000 - 0x00007ffae3a08000 	C:\Windows\SYSTEM32\ntdll.dll
0x00007ffae3710000 - 0x00007ffae37cd000 	C:\Windows\System32\KERNEL32.DLL
0x00007ffae0ee0000 - 0x00007ffae11d6000 	C:\Windows\System32\KERNELBASE.dll
0x00007ffae11e0000 - 0x00007ffae12e0000 	C:\Windows\System32\ucrtbase.dll
0x00007ffad9e10000 - 0x00007ffad9e27000 	C:\Program Files\Unity\Hub\Editor\2023.1.15f1\Editor\Data\PlaybackEngines\AndroidPlayer\OpenJDK\bin\jli.dll
0x00007ffae2fc0000 - 0x00007ffae315e000 	C:\Windows\System32\USER32.dll
0x00007ffae12e0000 - 0x00007ffae1302000 	C:\Windows\System32\win32u.dll
0x00007ffae3160000 - 0x00007ffae318c000 	C:\Windows\System32\GDI32.dll
0x00007ffae16d0000 - 0x00007ffae17ea000 	C:\Windows\System32\gdi32full.dll
0x00007ffae1580000 - 0x00007ffae161d000 	C:\Windows\System32\msvcp_win.dll
0x00007ffac9eb0000 - 0x00007ffaca14a000 	C:\Windows\WinSxS\amd64_microsoft.windows.common-controls_6595b64144ccf1df_6.0.19041.3636_none_60b6a03d71f818d5\COMCTL32.dll
0x00007ffae33f0000 - 0x00007ffae348e000 	C:\Windows\System32\msvcrt.dll
0x00007ffad9720000 - 0x00007ffad9735000 	C:\Program Files\Unity\Hub\Editor\2023.1.15f1\Editor\Data\PlaybackEngines\AndroidPlayer\OpenJDK\bin\VCRUNTIME140.dll
0x00007ffae1eb0000 - 0x00007ffae1ee0000 	C:\Windows\System32\IMM32.DLL
0x00007ffab24e0000 - 0x00007ffab257b000 	C:\Program Files\Unity\Hub\Editor\2023.1.15f1\Editor\Data\PlaybackEngines\AndroidPlayer\OpenJDK\bin\msvcp140.dll
0x00007ff9f9ce0000 - 0x00007ff9fa861000 	C:\Program Files\Unity\Hub\Editor\2023.1.15f1\Editor\Data\PlaybackEngines\AndroidPlayer\OpenJDK\bin\server\jvm.dll
0x00007ffae1860000 - 0x00007ffae1913000 	C:\Windows\System32\ADVAPI32.dll
0x00007ffae1920000 - 0x00007ffae19bf000 	C:\Windows\System32\sechost.dll
0x00007ffae3490000 - 0x00007ffae35b6000 	C:\Windows\System32\RPCRT4.dll
0x00007ffae13a0000 - 0x00007ffae13c7000 	C:\Windows\System32\bcrypt.dll
0x00007ffae1ee0000 - 0x00007ffae1ee8000 	C:\Windows\System32\PSAPI.DLL
0x00007ffadc8e0000 - 0x00007ffadc8e9000 	C:\Windows\SYSTEM32\WSOCK32.dll
0x00007ffae2f50000 - 0x00007ffae2fbb000 	C:\Windows\System32\WS2_32.dll
0x00007ffacbda0000 - 0x00007ffacbdc7000 	C:\Windows\SYSTEM32\WINMM.dll
0x00007ffad37a0000 - 0x00007ffad37aa000 	C:\Windows\SYSTEM32\VERSION.dll
0x00007ffaded90000 - 0x00007ffadeda2000 	C:\Windows\SYSTEM32\kernel.appcore.dll
0x00007ffad9e00000 - 0x00007ffad9e10000 	C:\Program Files\Unity\Hub\Editor\2023.1.15f1\Editor\Data\PlaybackEngines\AndroidPlayer\OpenJDK\bin\verify.dll
0x00007ffadb080000 - 0x00007ffadb264000 	C:\Windows\SYSTEM32\DBGHELP.DLL
0x00007ffad04b0000 - 0x00007ffad04e4000 	C:\Windows\SYSTEM32\dbgcore.DLL
0x00007ffae1310000 - 0x00007ffae1392000 	C:\Windows\System32\bcryptPrimitives.dll
0x00007ffad94e0000 - 0x00007ffad9508000 	C:\Program Files\Unity\Hub\Editor\2023.1.15f1\Editor\Data\PlaybackEngines\AndroidPlayer\OpenJDK\bin\java.dll
0x00007ffad9dd0000 - 0x00007ffad9dda000 	C:\Program Files\Unity\Hub\Editor\2023.1.15f1\Editor\Data\PlaybackEngines\AndroidPlayer\OpenJDK\bin\jimage.dll
0x00007ffab64f0000 - 0x00007ffab6508000 	C:\Program Files\Unity\Hub\Editor\2023.1.15f1\Editor\Data\PlaybackEngines\AndroidPlayer\OpenJDK\bin\zip.dll
0x00007ffae2270000 - 0x00007ffae29b5000 	C:\Windows\System32\SHELL32.dll
0x00007ffadef90000 - 0x00007ffadf72b000 	C:\Windows\SYSTEM32\windows.storage.dll
0x00007ffae2ae0000 - 0x00007ffae2e34000 	C:\Windows\System32\combase.dll
0x00007ffae0840000 - 0x00007ffae086d000 	C:\Windows\SYSTEM32\Wldp.dll
0x00007ffae2e40000 - 0x00007ffae2eed000 	C:\Windows\System32\SHCORE.dll
0x00007ffae20b0000 - 0x00007ffae2105000 	C:\Windows\System32\shlwapi.dll
0x00007ffae0e10000 - 0x00007ffae0e35000 	C:\Windows\SYSTEM32\profapi.dll
0x00007ffab64d0000 - 0x00007ffab64e9000 	C:\Program Files\Unity\Hub\Editor\2023.1.15f1\Editor\Data\PlaybackEngines\AndroidPlayer\OpenJDK\bin\net.dll
0x00007ffad1da0000 - 0x00007ffad1eaa000 	C:\Windows\SYSTEM32\WINHTTP.dll
0x00007ffae05a0000 - 0x00007ffae060a000 	C:\Windows\system32\mswsock.dll
0x00007ffab24c0000 - 0x00007ffab24d3000 	C:\Program Files\Unity\Hub\Editor\2023.1.15f1\Editor\Data\PlaybackEngines\AndroidPlayer\OpenJDK\bin\nio.dll
0x00007ffab1c60000 - 0x00007ffab1c87000 	C:\Users\taren\.gradle\native\68d5fa5c4cc2d200863cafc0d521ce42e7d3e7ee720ec0a83991735586a16f82\windows-amd64\native-platform.dll

dbghelp: loaded successfully - version: 4.0.5 - missing functions: none
symbol engine: initialized successfully - sym options: 0x614 - pdb path: .;C:\Program Files\Unity\Hub\Editor\2023.1.15f1\Editor\Data\PlaybackEngines\AndroidPlayer\OpenJDK\bin;C:\Windows\SYSTEM32;C:\Windows\WinSxS\amd64_microsoft.windows.common-controls_6595b64144ccf1df_6.0.19041.3636_none_60b6a03d71f818d5;C:\Program Files\Unity\Hub\Editor\2023.1.15f1\Editor\Data\PlaybackEngines\AndroidPlayer\OpenJDK\bin\server;C:\Users\taren\.gradle\native\68d5fa5c4cc2d200863cafc0d521ce42e7d3e7ee720ec0a83991735586a16f82\windows-amd64

VM Arguments:
java_command: org.gradle.launcher.GradleMain -Dorg.gradle.jvmargs=-Xmx4096m --stop
java_class_path (initial): C:\Program Files\Unity\Hub\Editor\2023.1.15f1\Editor\Data\PlaybackEngines\AndroidPlayer\Tools\gradle\lib\gradle-launcher-7.6.jar
Launcher Type: SUN_STANDARD

[Global flags]
     intx CICompilerCount                          = 2                                         {product} {ergonomic}
     uint ConcGCThreads                            = 1                                         {product} {ergonomic}
     uint G1ConcRefinementThreads                  = 2                                         {product} {ergonomic}
   size_t G1HeapRegionSize                         = 1048576                                   {product} {ergonomic}
    uintx GCDrainStackTargetSize                   = 64                                        {product} {ergonomic}
   size_t InitialHeapSize                          = 199229440                                 {product} {ergonomic}
   size_t MarkStackSize                            = 4194304                                   {product} {ergonomic}
   size_t MaxHeapSize                              = 3179282432                                {product} {ergonomic}
   size_t MaxNewSize                               = 1907359744                                {product} {ergonomic}
   size_t MinHeapDeltaBytes                        = 1048576                                   {product} {ergonomic}
    uintx NonNMethodCodeHeapSize                   = 5825164                                {pd product} {ergonomic}
    uintx NonProfiledCodeHeapSize                  = 122916538                              {pd product} {ergonomic}
    uintx ProfiledCodeHeapSize                     = 122916538                              {pd product} {ergonomic}
    uintx ReservedCodeCacheSize                    = 251658240                              {pd product} {ergonomic}
     bool SegmentedCodeCache                       = true                                      {product} {ergonomic}
     bool UseCompressedClassPointers               = true                                 {lp64_product} {ergonomic}
     bool UseCompressedOops                        = true                                 {lp64_product} {ergonomic}
     bool UseG1GC                                  = true                                      {product} {ergonomic}
     bool UseLargePagesIndividualAllocation        = false                                  {pd product} {ergonomic}

Logging:
Log output configuration:
 #0: stdout all=warning uptime,level,tags
 #1: stderr all=off uptime,level,tags

Environment Variables:
JAVA_HOME=C:\Program Files\Unity\Hub\Editor\2023.1.15f1\Editor\Data\PlaybackEngines\AndroidPlayer\OpenJDK
PATH=C:\Windows\system32;C:\Windows;C:\Windows\System32\Wbem;C:\Windows\System32\WindowsPowerShell\v1.0\;C:\Windows\System32\OpenSSH\;C:\Program Files\Git LFS;C:\Program Files (x86)\PuTTY\;C:\Program Files\Microsoft SQL Server\150\Tools\Binn\;C:\Program Files\Git\cmd;C:\Program Files (x86)\Windows Kits\10\Windows Performance Toolkit\;C:\Users\taren\AppData\Local\Microsoft\WindowsApps;C:\Users\taren\AppData\Local\Programs\Microsoft VS Code\bin;C:\Users\taren\AppData\Local\GitHubDesktop\bin
USERNAME=taren
OS=Windows_NT
PROCESSOR_IDENTIFIER=Intel64 Family 6 Model 142 Stepping 12, GenuineIntel



---------------  S Y S T E M  ---------------

OS: Windows 10 , 64 bit Build 19041 (10.0.19041.3636)
OS uptime: 7 days 5:09 hours

CPU:total 2 (initial active 2) (2 cores per cpu, 1 threads per core) family 6 model 142 stepping 12 microcode 0xf0, cmov, cx8, fxsr, mmx, sse, sse2, sse3, ssse3, sse4.1, sse4.2, popcnt, aes, clmul, erms, 3dnowpref, lzcnt, tsc, tscinvbit

Memory: 4k page, system-wide physical 12122M (860M free)
TotalPageFile size 27303M (AvailPageFile size 5M)
current process WorkingSet (physical memory assigned to process): 77M, peak: 77M
current process commit charge ("private bytes"): 280M, peak: 280M

vm_info: OpenJDK 64-Bit Server VM (11.0.14.1+1) for windows-amd64 JRE (11.0.14.1+1), built on Feb  9 2022 01:48:27 by "" with unknown MS VC++:1916

END.
